Build started 2016/8/2 10:37:42.
     1>Project "E:\助销相关项目文件信息\助销系统交接新\助销系统\助销系统相关文件\助销系统\Codes\IncrementSystemForHollycrmInternet\IncrementSystem\IncrementSystem.vcxproj" on node 2 (build target(s)).
     1>InitializeBuildStatus:
         Creating "Debug\IncrementSystem.unsuccessfulbuild" because "AlwaysCreate" was specified.
       ClCompile:
         All outputs are up-to-date.
         All outputs are up-to-date.
       ResourceCompile:
         All outputs are up-to-date.
       ManifestResourceCompile:
         All outputs are up-to-date.
       Link:
         D:\VS2010\VC\bin\link.exe /ERRORREPORT:PROMPT /OUT:"E:\助销相关项目文件信息\助销系统交接新\助销系统\助销系统相关文件\助销系统\Codes\IncrementSystemForHollycrmInternet\Bin\IncrementSystem.exe" /INCREMENTAL /NOLOGO /MANIFEST /ManifestFile:"Debug\IncrementSystem.exe.intermediate.manifest" /MANIFESTUAC:"level='asInvoker' uiAccess='false'" /DEBUG /PDB:"E:\助销相关项目文件信息\助销系统交接新\助销系统\助销系统相关文件\助销系统\Codes\IncrementSystemForHollycrmInternet\Bin\IncrementSystem.pdb" /SUBSYSTEM:WINDOWS /TLBID:1 /ENTRY:"wWinMainCRTStartup" /DYNAMICBASE /NXCOMPAT /IMPLIB:"E:\助销相关项目文件信息\助销系统交接新\助销系统\助销系统相关文件\助销系统\Codes\IncrementSystemForHollycrmInternet\Bin\IncrementSystem.lib" /MACHINE:X86 Debug\IncrementSystem.res
         Debug\IncrementSystem.exe.embed.manifest.res
         Debug\StaticEx.obj
         Debug\BONCSocket.obj
         Debug\explorer.obj
         Debug\HyperButtonEx.obj
         Debug\IncrementSystem.obj
         Debug\IncrementSystemDlg.obj
         Debug\LogonDlg.obj
         Debug\PersonalDefineDlg.obj
         Debug\stdafx.obj
         Debug\SystemTray.obj
         Debug\ViewVerDlg.obj
         LINK : E:\助销相关项目文件信息\助销系统交接新\助销系统\助销系统相关文件\助销系统\Codes\IncrementSystemForHollycrmInternet\Bin\IncrementSystem.exe not found or not built by the last incremental link; performing full link
       Manifest:
         C:\Program Files\Microsoft SDKs\Windows\v7.0A\bin\mt.exe /nologo /verbose /out:"Debug\IncrementSystem.exe.embed.manifest" /manifest Debug\IncrementSystem.exe.intermediate.manifest D:\VS2010\VC\Include\Manifest\dpiaware.manifest
         All outputs are up-to-date.
       LinkEmbedManifest:
         All outputs are up-to-date.
         IncrementSystem.vcxproj -> E:\助销相关项目文件信息\助销系统交接新\助销系统\助销系统相关文件\助销系统\Codes\IncrementSystemForHollycrmInternet\Bin\IncrementSystem.exe
       FinalizeBuildStatus:
         Deleting file "Debug\IncrementSystem.unsuccessfulbuild".
         Touching "Debug\IncrementSystem.lastbuildstate".
     1>Done Building Project "E:\助销相关项目文件信息\助销系统交接新\助销系统\助销系统相关文件\助销系统\Codes\IncrementSystemForHollycrmInternet\IncrementSystem\IncrementSystem.vcxproj" (build target(s)).

Build succeeded.

Time Elapsed 00:00:08.71
