Build started 2015-11-13 10:50:13.
     1>Project "D:\Project\助销系统\Codes\IncrementSystemForHeilongjiang\Uninstall\Uninstall.vcxproj" on node 2 (rebuild target(s)).
     1>_PrepareForClean:
         Deleting file "Release\Uninstall.lastbuildstate".
       InitializeBuildStatus:
         Creating "Release\Uninstall.unsuccessfulbuild" because "AlwaysCreate" was specified.
       ClCompile:
         C:\Program Files (x86)\Microsoft Visual Studio 10.0\VC\bin\CL.exe /c /Zi /nologo /W3 /WX- /O2 /Oi /Oy- /GL /D WIN32 /D NDEBUG /D _CONSOLE /D _UNICODE /D UNICODE /D _AFXDLL /Gm- /EHsc /MD /GS /Gy /fp:precise /Zc:wchar_t /Zc:forScope /Yc"StdAfx.h" /Fp"Release\Uninstall.pch" /Fo"Release\\" /Fd"Release\vc100.pdb" /Gd /TP /analyze- /errorReport:prompt stdafx.cpp
         stdafx.cpp
         C:\Program Files (x86)\Microsoft Visual Studio 10.0\VC\bin\CL.exe /c /Zi /nologo /W3 /WX- /O2 /Oi /Oy- /GL /D WIN32 /D NDEBUG /D _CONSOLE /D _UNICODE /D UNICODE /D _AFXDLL /Gm- /EHsc /MD /GS /Gy /fp:precise /Zc:wchar_t /Zc:forScope /Yu"StdAfx.h" /Fp"Release\Uninstall.pch" /Fo"Release\\" /Fd"Release\vc100.pdb" /Gd /TP /analyze- /errorReport:prompt Uninstall.cpp
         Uninstall.cpp
       ResourceCompile:
         C:\Program Files (x86)\Microsoft SDKs\Windows\v7.0A\bin\rc.exe /D _UNICODE /D UNICODE /D _AFXDLL /l"0x0409" /nologo /fo"Release\Uninstall.res" Uninstall.rc 
       Link:
         C:\Program Files (x86)\Microsoft Visual Studio 10.0\VC\bin\link.exe /ERRORREPORT:PROMPT /OUT:"D:\Project\助销系统\Codes\IncrementSystemForHeilongjiang\Bin\Uninstall.exe" /INCREMENTAL:NO /NOLOGO /MANIFEST /ManifestFile:"Release\Uninstall.exe.intermediate.manifest" /MANIFESTUAC:"level='asInvoker' uiAccess='false'" /DEBUG /PDB:"D:\Project\助销系统\Codes\IncrementSystemForHeilongjiang\Bin\Uninstall.pdb" /SUBSYSTEM:CONSOLE /OPT:REF /OPT:ICF /LTCG /TLBID:1 /DYNAMICBASE /NXCOMPAT /IMPLIB:"D:\Project\助销系统\Codes\IncrementSystemForHeilongjiang\Bin\Uninstall.lib" /MACHINE:X86 Release\Uninstall.res
         Release\stdafx.obj
         Release\Uninstall.obj
         Generating code
         Finished generating code
         Uninstall.vcxproj -> D:\Project\助销系统\Codes\IncrementSystemForHeilongjiang\Bin\Uninstall.exe
       Manifest:
         C:\Program Files (x86)\Microsoft SDKs\Windows\v7.0A\bin\mt.exe /nologo /verbose /outputresource:"D:\Project\助销系统\Codes\IncrementSystemForHeilongjiang\Bin\Uninstall.exe;#1" /manifest Release\Uninstall.exe.intermediate.manifest "C:\Program Files (x86)\Microsoft Visual Studio 10.0\VC\Include\Manifest\dpiaware.manifest"
       FinalizeBuildStatus:
         Deleting file "Release\Uninstall.unsuccessfulbuild".
         Touching "Release\Uninstall.lastbuildstate".
     1>Done Building Project "D:\Project\助销系统\Codes\IncrementSystemForHeilongjiang\Uninstall\Uninstall.vcxproj" (rebuild target(s)).

Build succeeded.

Time Elapsed 00:00:07.20
