D:\PROJECT\助销系统\CODES\INCREMENTSYSTEMFORHEILONGJIANG\BIN\UNINSTALL.EXE
D:\PROJECT\助销系统\CODES\INCREMENTSYSTEMFORHEILONGJIANG\BIN\UNINSTALL.PDB
D:\Project\助销系统\Codes\IncrementSystemForHeilongjiang\Uninstall\Release\cl.command.1.tlog
D:\Project\助销系统\Codes\IncrementSystemForHeilongjiang\Uninstall\Release\CL.read.1.tlog
D:\Project\助销系统\Codes\IncrementSystemForHeilongjiang\Uninstall\Release\CL.write.1.tlog
D:\Project\助销系统\Codes\IncrementSystemForHeilongjiang\Uninstall\Release\link.command.1.tlog
D:\Project\助销系统\Codes\IncrementSystemForHeilongjiang\Uninstall\Release\link.read.1.tlog
D:\Project\助销系统\Codes\IncrementSystemForHeilongjiang\Uninstall\Release\link.write.1.tlog
D:\Project\助销系统\Codes\IncrementSystemForHeilongjiang\Uninstall\Release\link-cvtres.read.1.tlog
D:\Project\助销系统\Codes\IncrementSystemForHeilongjiang\Uninstall\Release\link-cvtres.write.1.tlog
D:\Project\助销系统\Codes\IncrementSystemForHeilongjiang\Uninstall\Release\mt.command.1.tlog
D:\Project\助销系统\Codes\IncrementSystemForHeilongjiang\Uninstall\Release\mt.read.1.tlog
D:\Project\助销系统\Codes\IncrementSystemForHeilongjiang\Uninstall\Release\mt.write.1.tlog
D:\Project\助销系统\Codes\IncrementSystemForHeilongjiang\Uninstall\Release\rc.command.1.tlog
D:\Project\助销系统\Codes\IncrementSystemForHeilongjiang\Uninstall\Release\rc.read.1.tlog
D:\Project\助销系统\Codes\IncrementSystemForHeilongjiang\Uninstall\Release\rc.write.1.tlog
D:\PROJECT\助销系统\CODES\INCREMENTSYSTEMFORHEILONGJIANG\UNINSTALL\RELEASE\STDAFX.OBJ
D:\PROJECT\助销系统\CODES\INCREMENTSYSTEMFORHEILONGJIANG\UNINSTALL\RELEASE\UNINSTALL.EXE.INTERMEDIATE.MANIFEST
D:\PROJECT\助销系统\CODES\INCREMENTSYSTEMFORHEILONGJIANG\UNINSTALL\RELEASE\UNINSTALL.OBJ
D:\PROJECT\助销系统\CODES\INCREMENTSYSTEMFORHEILONGJIANG\UNINSTALL\RELEASE\UNINSTALL.PCH
D:\PROJECT\助销系统\CODES\INCREMENTSYSTEMFORHEILONGJIANG\UNINSTALL\RELEASE\UNINSTALL.RES
D:\Project\助销系统\Codes\IncrementSystemForHeilongjiang\Uninstall\Release\Uninstall.write.1.tlog
D:\PROJECT\助销系统\CODES\INCREMENTSYSTEMFORHEILONGJIANG\UNINSTALL\RELEASE\VC100.PDB
