D:\PROJECT\助销系统\CODES\INCREMENTSYSTEMFORHEILONGJIANG\DEBUG\UNINSTALL.EXE
D:\PROJECT\助销系统\CODES\INCREMENTSYSTEMFORHEILONGJIANG\DEBUG\UNINSTALL.ILK
D:\PROJECT\助销系统\CODES\INCREMENTSYSTEMFORHEILONGJIANG\DEBUG\UNINSTALL.PDB
D:\Project\助销系统\Codes\IncrementSystemForHeilongjiang\Uninstall\Debug\cl.command.1.tlog
D:\Project\助销系统\Codes\IncrementSystemForHeilongjiang\Uninstall\Debug\CL.read.1.tlog
D:\Project\助销系统\Codes\IncrementSystemForHeilongjiang\Uninstall\Debug\CL.write.1.tlog
D:\Project\助销系统\Codes\IncrementSystemForHeilongjiang\Uninstall\Debug\link.8444.read.1.tlog
D:\Project\助销系统\Codes\IncrementSystemForHeilongjiang\Uninstall\Debug\link.8444.write.1.tlog
D:\Project\助销系统\Codes\IncrementSystemForHeilongjiang\Uninstall\Debug\link.8444-cvtres.read.1.tlog
D:\Project\助销系统\Codes\IncrementSystemForHeilongjiang\Uninstall\Debug\link.8444-cvtres.write.1.tlog
D:\Project\助销系统\Codes\IncrementSystemForHeilongjiang\Uninstall\Debug\link.command.1.tlog
D:\Project\助销系统\Codes\IncrementSystemForHeilongjiang\Uninstall\Debug\link.read.1.tlog
D:\Project\助销系统\Codes\IncrementSystemForHeilongjiang\Uninstall\Debug\link.write.1.tlog
D:\Project\助销系统\Codes\IncrementSystemForHeilongjiang\Uninstall\Debug\link-cvtres.read.1.tlog
D:\Project\助销系统\Codes\IncrementSystemForHeilongjiang\Uninstall\Debug\link-cvtres.write.1.tlog
D:\Project\助销系统\Codes\IncrementSystemForHeilongjiang\Uninstall\Debug\mt.command.1.tlog
D:\Project\助销系统\Codes\IncrementSystemForHeilongjiang\Uninstall\Debug\mt.read.1.tlog
D:\Project\助销系统\Codes\IncrementSystemForHeilongjiang\Uninstall\Debug\mt.write.1.tlog
D:\Project\助销系统\Codes\IncrementSystemForHeilongjiang\Uninstall\Debug\rc.command.1.tlog
D:\Project\助销系统\Codes\IncrementSystemForHeilongjiang\Uninstall\Debug\rc.read.1.tlog
D:\Project\助销系统\Codes\IncrementSystemForHeilongjiang\Uninstall\Debug\rc.write.1.tlog
D:\PROJECT\助销系统\CODES\INCREMENTSYSTEMFORHEILONGJIANG\UNINSTALL\DEBUG\STDAFX.OBJ
D:\PROJECT\助销系统\CODES\INCREMENTSYSTEMFORHEILONGJIANG\UNINSTALL\DEBUG\UNINSTALL.EXE.EMBED.MANIFEST
D:\PROJECT\助销系统\CODES\INCREMENTSYSTEMFORHEILONGJIANG\UNINSTALL\DEBUG\UNINSTALL.EXE.EMBED.MANIFEST.RES
D:\PROJECT\助销系统\CODES\INCREMENTSYSTEMFORHEILONGJIANG\UNINSTALL\DEBUG\UNINSTALL.EXE.INTERMEDIATE.MANIFEST
D:\PROJECT\助销系统\CODES\INCREMENTSYSTEMFORHEILONGJIANG\UNINSTALL\DEBUG\UNINSTALL.OBJ
D:\PROJECT\助销系统\CODES\INCREMENTSYSTEMFORHEILONGJIANG\UNINSTALL\DEBUG\UNINSTALL.PCH
D:\PROJECT\助销系统\CODES\INCREMENTSYSTEMFORHEILONGJIANG\UNINSTALL\DEBUG\UNINSTALL.RES
D:\Project\助销系统\Codes\IncrementSystemForHeilongjiang\Uninstall\Debug\Uninstall.write.1.tlog
D:\Project\助销系统\Codes\IncrementSystemForHeilongjiang\Uninstall\Debug\Uninstall_manifest.rc
D:\Project\助销系统\Codes\IncrementSystemForHeilongjiang\Uninstall\Debug\vc100.idb
D:\PROJECT\助销系统\CODES\INCREMENTSYSTEMFORHEILONGJIANG\UNINSTALL\DEBUG\VC100.PDB
